[    0.000000] Linux version 4.15.0-88-generic (buildd@lgw01-amd64-036) (gcc version 7.4.0 (Ubuntu 7.4.0-1ubuntu1~18.04.1)) #88-Ubuntu SMP Tue Feb 11 20:11:34 UTC 2020 (Ubuntu 4.15.0-88.88-generic 4.15.18)
[    0.000000] Command line: BOOT_IMAGE=/boot/vmlinuz-4.15.0-88-generic root=UUID=6b0e17f9-6a96-409e-954e-b8aac4f14b05 ro console=tty1 console=ttyS0
[    0.000000] KERNEL supported cpus:
[    0.000000]   Intel GenuineIntel
[    0.000000]   AMD AuthenticAMD
[    0.000000]   Centaur CentaurHauls
[    0.000000] x86/fpu: Supporting XSAVE feature 0x001: 'x87 floating point registers'
[    0.000000] x86/fpu: Supporting XSAVE feature 0x002: 'SSE registers'
[    0.000000] x86/fpu: Supporting XSAVE feature 0x004: 'AVX registers'
[    0.000000] x86/fpu: xstate_offset[2]:  576, xstate_sizes[2]:  256
[    0.000000] x86/fpu: Enabled xstate features 0x7, context size is 832 bytes, using 'standard' format.
[    0.000000] e820: BIOS-provided physical RAM map:
[    0.000000] BIOS-e820: [mem 0x0000000000000000-0x000000000009fbff] usable
[    0.000000] BIOS-e820: [mem 0x000000000009fc00-0x000000000009ffff] reserved
[    0.000000] BIOS-e820: [mem 0x00000000000f0000-0x00000000000fffff] reserved
[    0.000000] BIOS-e820: [mem 0x0000000000100000-0x00000000be6effff] usable
[    0.000000] BIOS-e820: [mem 0x00000000be6f0000-0x00000000be6fffff] ACPI data
[    0.000000] BIOS-e820: [mem 0x00000000fec00000-0x00000000fec00fff] reserved
[    0.000000] BIOS-e820: [mem 0x00000000fee00000-0x00000000fee00fff] reserved
[    0.000000] BIOS-e820: [mem 0x00000000fffc0000-0x00000000ffffffff] reserved
[    0.000000] NX (Execute Disable) protection: active
[    0.000000] SMBIOS 2.5 present.
[    0.000000] DMI: innotek GmbH VirtualBox/VirtualBox, BIOS VirtualBox 12/01/2006
[    0.000000] Hypervisor detected: KVM
[    0.000000] e820: last_pfn = 0xbe6f0 max_arch_pfn = 0x400000000
[    0.000000] MTRR: Disabled
[    0.000000] x86/PAT: MTRRs disabled, skipping PAT initialization too.
[    0.000000] CPU MTRRs all blank - virtualized system.
[    0.000000] x86/PAT: Configuration [0-7]: WB  WT  UC- UC  WB  WT  UC- UC  
[    0.000000] found SMP MP-table at [mem 0x0009fff0-0x0009ffff]
[    0.000000] Scanning 1 areas for low memory corruption
[    0.000000] RAMDISK: [mem 0x31179000-0x348b3fff]
[    0.000000] ACPI: Early table checksum verification disabled
[    0.000000] ACPI: RSDP 0x00000000000E0000 000024 (v02 VBOX  )
[    0.000000] ACPI: XSDT 0x00000000BE6F0030 00003C (v01 VBOX   VBOXXSDT 00000001 ASL  00000061)
[    0.000000] ACPI: FACP 0x00000000BE6F00F0 0000F4 (v04 VBOX   VBOXFACP 00000001 ASL  00000061)
[    0.000000] ACPI: DSDT 0x00000000BE6F0470 0022EA (v02 VBOX   VBOXBIOS 00000002 INTL 20100528)
[    0.000000] ACPI: FACS 0x00000000BE6F0200 000040
[    0.000000] ACPI: FACS 0x00000000BE6F0200 000040
[    0.000000] ACPI: APIC 0x00000000BE6F0240 00005C (v02 VBOX   VBOXAPIC 00000001 ASL  00000061)
[    0.000000] ACPI: SSDT 0x00000000BE6F02A0 0001CC (v01 VBOX   VBOXCPUT 00000002 INTL 20100528)
[    0.000000] No NUMA configuration found
[    0.000000] Faking a node at [mem 0x0000000000000000-0x00000000be6effff]
[    0.000000] NODE_DATA(0) allocated [mem 0xbe6c5000-0xbe6effff]
[    0.000000] kvm-clock: cpu 0, msr 0:be644001, primary cpu clock
[    0.000000] kvm-clock: Using msrs 4b564d01 and 4b564d00
[    0.000000] kvm-clock: using sched offset of 8921535943 cycles
[    0.000000] clocksource: kvm-clock: mask: 0xffffffffffffffff max_cycles: 0x1cd42e4dffb, max_idle_ns: 881590591483 ns
[    0.000000] Zone ranges:
[    0.000000]   DMA      [mem 0x0000000000001000-0x0000000000ffffff]
[    0.000000]   DMA32    [mem 0x0000000001000000-0x00000000be6effff]
[    0.000000]   Normal   empty
[    0.000000]   Device   empty
[    0.000000] Movable zone start for each node
[    0.000000] Early memory node ranges
[    0.000000]   node   0: [mem 0x0000000000001000-0x000000000009efff]
[    0.000000]   node   0: [mem 0x0000000000100000-0x00000000be6effff]
[    0.000000] Reserved but unavailable: 98 pages
[    0.000000] Initmem setup node 0 [mem 0x0000000000001000-0x00000000be6effff]
[    0.000000] ACPI: PM-Timer IO Port: 0x4008
[    0.000000] IOAPIC[0]: apic_id 2, version 32, address 0xfec00000, GSI 0-23
[    0.000000] ACPI: INT_SRC_OVR (bus 0 bus_irq 0 global_irq 2 dfl dfl)
[    0.000000] ACPI: INT_SRC_OVR (bus 0 bus_irq 9 global_irq 9 low level)
[    0.000000] Using ACPI (MADT) for SMP configuration information
[    0.000000] smpboot: Allowing 2 CPUs, 0 hotplug CPUs
[    0.000000] PM: Registered nosave memory: [mem 0x00000000-0x00000fff]
[    0.000000] PM: Registered nosave memory: [mem 0x0009f000-0x0009ffff]
[    0.000000] PM: Registered nosave memory: [mem 0x000a0000-0x000effff]
[    0.000000] PM: Registered nosave memory: [mem 0x000f0000-0x000fffff]
[    0.000000] e820: [mem 0xbe700000-0xfebfffff] available for PCI devices
[    0.000000] Booting paravirtualized kernel on KVM
[    0.000000] clocksource: refined-jiffies: mask: 0xffffffff max_cycles: 0xffffffff, max_idle_ns: 7645519600211568 ns
[    0.000000] random: get_random_bytes called from start_kernel+0x99/0x4fd with crng_init=0
[    0.000000] setup_percpu: NR_CPUS:8192 nr_cpumask_bits:2 nr_cpu_ids:2 nr_node_ids:1
[    0.000000] percpu: Embedded 45 pages/cpu s147456 r8192 d28672 u1048576
[    0.000000] PV qspinlock hash table entries: 256 (order: 0, 4096 bytes)
[    0.000000] Built 1 zonelists, mobility grouping on.  Total pages: 767709
[    0.000000] Policy zone: DMA32
[    0.000000] Kernel command line: BOOT_IMAGE=/boot/vmlinuz-4.15.0-88-generic root=UUID=6b0e17f9-6a96-409e-954e-b8aac4f14b05 ro console=tty1 console=ttyS0
[    0.000000] Memory: 2984500K/3119672K available (12300K kernel code, 2481K rwdata, 4264K rodata, 2428K init, 2712K bss, 135172K reserved, 0K cma-reserved)
[    0.000000] SLUB: HWalign=64, Order=0-3, MinObjects=0, CPUs=2, Nodes=1
[    0.000000] Kernel/User page tables isolation: enabled
[    0.000000] ftrace: allocating 39344 entries in 154 pages
[    0.004000] Hierarchical RCU implementation.
[    0.004000] 	RCU restricting CPUs from NR_CPUS=8192 to nr_cpu_ids=2.
[    0.004000] 	Tasks RCU enabled.
[    0.004000] RCU: Adjusting geometry for rcu_fanout_leaf=16, nr_cpu_ids=2
[    0.004000] NR_IRQS: 524544, nr_irqs: 440, preallocated irqs: 16
[    0.004000] Console: colour VGA+ 80x25
[    0.004000] console [tty1] enabled
[    0.004000] console [ttyS0] enabled
[    0.004000] ACPI: Core revision 20170831
[    0.004000] ACPI: 2 ACPI AML tables successfully acquired and loaded
[    0.004000] APIC: Switch to symmetric I/O mode setup
[    0.004227] x2apic enabled
[    0.008003] Switched APIC routing to physical x2apic.
[    0.013087] ..TIMER: vector=0x30 apic1=0 pin1=2 apic2=-1 pin2=-1
[    0.016002] tsc: Detected 3092.858 MHz processor
[    0.020011] Calibrating delay loop (skipped) preset value.. 6185.71 BogoMIPS (lpj=12371432)
[    0.024002] pid_max: default: 32768 minimum: 301
[    0.028033] Security Framework initialized
[    0.032002] Yama: becoming mindful.
[    0.036021] AppArmor: AppArmor initialized
[    0.041463] Dentry cache hash table entries: 524288 (order: 10, 4194304 bytes)
[    0.045080] Inode-cache hash table entries: 262144 (order: 9, 2097152 bytes)
[    0.048025] Mount-cache hash table entries: 8192 (order: 4, 65536 bytes)
[    0.052010] Mountpoint-cache hash table entries: 8192 (order: 4, 65536 bytes)
[    0.056251] Last level iTLB entries: 4KB 1024, 2MB 1024, 4MB 1024
[    0.060005] Last level dTLB entries: 4KB 1024, 2MB 1024, 4MB 1024, 1GB 4
[    0.064003] Spectre V1 : Mitigation: usercopy/swapgs barriers and __user pointer sanitization
[    0.068002] Spectre V2 : Mitigation: Full generic retpoline
[    0.072001] Spectre V2 : Spectre v2 / SpectreRSB mitigation: Filling RSB on context switch
[    0.076007] Speculative Store Bypass: Vulnerable
[    0.080055] MDS: Vulnerable: Clear CPU buffers attempted, no microcode
[    0.084160] Freeing SMP alternatives memory: 36K
[    0.200920] smpboot: CPU0: Intel(R) Core(TM) i5-4440 CPU @ 3.10GHz (family: 0x6, model: 0x3c, stepping: 0x3)
[    0.204098] Performance Events: unsupported p6 CPU model 60 no PMU driver, software events only.
[    0.208033] Hierarchical SRCU implementation.
[    0.212579] NMI watchdog: Perf event create on CPU 0 failed with -2
[    0.216002] NMI watchdog: Perf NMI watchdog permanently disabled
[    0.220045] smp: Bringing up secondary CPUs ...
[    0.225009] x86: Booting SMP configuration:
[    0.228003] .... node  #0, CPUs:      #1
[    0.004000] kvm-clock: cpu 1, msr 0:be644041, secondary cpu clock
[    0.256023] smp: Brought up 1 node, 2 CPUs
[    0.260006] smpboot: Max logical packages: 1
[    0.264003] smpboot: Total of 2 processors activated (12371.43 BogoMIPS)
[    0.268248] devtmpfs: initialized
[    0.272060] x86/mm: Memory block size: 128MB
[    0.276252] evm: security.selinux
[    0.280004] evm: security.SMACK64
[    0.284002] evm: security.SMACK64EXEC
[    0.288005] evm: security.SMACK64TRANSMUTE
[    0.292003] evm: security.SMACK64MMAP
[    0.296002] evm: security.apparmor
[    0.300002] evm: security.ima
[    0.304002] evm: security.capability
[    0.308129] clocksource: jiffies: mask: 0xffffffff max_cycles: 0xffffffff, max_idle_ns: 7645041785100000 ns
[    0.312019] futex hash table entries: 512 (order: 3, 32768 bytes)
[    0.316070] pinctrl core: initialized pinctrl subsystem
[    0.320109] RTC time: 16:18:17, date: 03/13/20
[    0.324150] NET: Registered protocol family 16
[    0.328075] audit: initializing netlink subsys (disabled)
[    0.332039] audit: type=2000 audit(1584116305.943:1): state=initialized audit_enabled=0 res=1
[    0.356012] cpuidle: using governor ladder
[    0.360027] cpuidle: using governor menu
[    0.364055] ACPI: bus type PCI registered
[    0.368006] acpiphp: ACPI Hot Plug PCI Controller Driver version: 0.5
[    0.376015] PCI: Using configuration type 1 for base access
[    0.380974] HugeTLB registered 2.00 MiB page size, pre-allocated 0 pages
[    0.384076] ACPI: Added _OSI(Module Device)
[    0.388009] ACPI: Added _OSI(Processor Device)
[    0.392006] ACPI: Added _OSI(3.0 _SCP Extensions)
[    0.396002] ACPI: Added _OSI(Processor Aggregator Device)
[    0.400004] ACPI: Added _OSI(Linux-Dell-Video)
[    0.404002] ACPI: Added _OSI(Linux-Lenovo-NV-HDMI-Audio)
[    0.408004] ACPI: Added _OSI(Linux-HPI-Hybrid-Graphics)
[    0.412262] ACPI: Executed 1 blocks of module-level executable AML code
[    0.422768] ACPI: Interpreter enabled
[    0.424013] ACPI: (supports S0 S5)
[    0.428002] ACPI: Using IOAPIC for interrupt routing
[    0.432212] PCI: Using host bridge windows from ACPI; if necessary, use "pci=nocrs" and report a bug
[    0.436176] ACPI: Enabled 2 GPEs in block 00 to 07
[    0.446853] ACPI: PCI Root Bridge [PCI0] (domain 0000 [bus 00-ff])
[    0.448013] acpi PNP0A03:00: _OSC: OS supports [ASPM ClockPM Segments MSI]
[    0.452482] acpi PNP0A03:00: _OSC: not requesting OS control; OS requires [ExtendedConfig ASPM ClockPM MSI]
[    0.456018] acpi PNP0A03:00: fail to add MMCONFIG information, can't access extended PCI configuration space under this bridge.
[    0.460336] PCI host bridge to bus 0000:00
[    0.464004] pci_bus 0000:00: root bus resource [io  0x0000-0x0cf7 window]
[    0.468008] pci_bus 0000:00: root bus resource [io  0x0d00-0xffff window]
[    0.472003] pci_bus 0000:00: root bus resource [mem 0x000a0000-0x000bffff window]
[    0.476002] pci_bus 0000:00: root bus resource [mem 0xbe700000-0xfdffffff window]
[    0.480003] pci_bus 0000:00: root bus resource [bus 00-ff]
[    0.485672] pci 0000:00:01.1: legacy IDE quirk: reg 0x10: [io  0x01f0-0x01f7]
[    0.488005] pci 0000:00:01.1: legacy IDE quirk: reg 0x14: [io  0x03f6]
[    0.492009] pci 0000:00:01.1: legacy IDE quirk: reg 0x18: [io  0x0170-0x0177]
[    0.496009] pci 0000:00:01.1: legacy IDE quirk: reg 0x1c: [io  0x0376]
[    0.536124] pci 0000:00:07.0: quirk: [io  0x4000-0x403f] claimed by PIIX4 ACPI
[    0.540013] pci 0000:00:07.0: quirk: [io  0x4100-0x410f] claimed by PIIX4 SMB
[    0.557684] ACPI: PCI Interrupt Link [LNKA] (IRQs 5 9 10 *11)
[    0.560304] ACPI: PCI Interrupt Link [LNKB] (IRQs 5 9 *10 11)
[    0.564109] ACPI: PCI Interrupt Link [LNKC] (IRQs 5 *9 10 11)
[    0.568124] ACPI: PCI Interrupt Link [LNKD] (IRQs 5 9 10 *11)
[    0.572389] SCSI subsystem initialized
[    0.576052] pci 0000:00:02.0: vgaarb: setting as boot VGA device
[    0.580000] pci 0000:00:02.0: vgaarb: VGA device added: decodes=io+mem,owns=io+mem,locks=none
[    0.580005] pci 0000:00:02.0: vgaarb: bridge control possible
[    0.584002] vgaarb: loaded
[    0.588032] ACPI: bus type USB registered
[    0.592020] usbcore: registered new interface driver usbfs
[    0.596016] usbcore: registered new interface driver hub
[    0.600022] usbcore: registered new device driver usb
[    0.604111] EDAC MC: Ver: 3.0.0
[    0.608212] PCI: Using ACPI for IRQ routing
[    0.612259] NetLabel: Initializing
[    0.616002] NetLabel:  domain hash size = 128
[    0.620001] NetLabel:  protocols = UNLABELED CIPSOv4 CALIPSO
[    0.624015] NetLabel:  unlabeled traffic allowed by default
[    0.628569] clocksource: Switched to clocksource kvm-clock
[    0.657887] VFS: Disk quotas dquot_6.6.0
[    0.671871] VFS: Dquot-cache hash table entries: 512 (order 0, 4096 bytes)
[    0.689022] AppArmor: AppArmor Filesystem Enabled
[    0.700584] pnp: PnP ACPI init
[    0.709053] pnp: PnP ACPI: found 3 devices
[    0.727136] clocksource: acpi_pm: mask: 0xffffff max_cycles: 0xffffff, max_idle_ns: 2085701024 ns
[    0.751640] NET: Registered protocol family 2
[    0.767553] TCP established hash table entries: 32768 (order: 6, 262144 bytes)
[    0.790213] TCP bind hash table entries: 32768 (order: 7, 524288 bytes)
[    0.805851] TCP: Hash tables configured (established 32768 bind 32768)
[    0.821450] UDP hash table entries: 2048 (order: 4, 65536 bytes)
[    0.836065] UDP-Lite hash table entries: 2048 (order: 4, 65536 bytes)
[    0.852655] NET: Registered protocol family 1
[    0.863734] pci 0000:00:00.0: Limiting direct PCI/PCI transfers
[    0.878417] pci 0000:00:01.0: Activating ISA DMA hang workarounds
[    0.893035] pci 0000:00:02.0: Video device with shadowed ROM at [mem 0x000c0000-0x000dffff]
[    0.912869] Unpacking initramfs...
[    1.641230] Freeing initrd memory: 56556K
[    1.659431] clocksource: tsc: mask: 0xffffffffffffffff max_cycles: 0x2c94ec9c62a, max_idle_ns: 440795256414 ns
[    1.691339] platform rtc_cmos: registered platform RTC device (no PNP device found)
[    1.709391] Scanning for low memory corruption every 60 seconds
[    1.727541] Initialise system trusted keyrings
[    1.738343] Key type blacklist registered
[    1.748059] workingset: timestamp_bits=36 max_order=20 bucket_order=0
[    1.764319] zbud: loaded
[    1.771849] squashfs: version 4.0 (2009/01/31) Phillip Lougher
[    1.788342] fuse init (API version 7.26)
[    1.800037] Key type asymmetric registered
[    1.811286] Asymmetric key parser 'x509' registered
[    1.823380] Block layer SCSI generic (bsg) driver version 0.4 loaded (major 246)
[    1.846648] io scheduler noop registered
[    1.857994] io scheduler deadline registered
[    1.868443] io scheduler cfq registered (default)
[    1.879867] ACPI: AC Adapter [AC] (on-line)
[    1.894142] input: Power Button as /devices/LNXSYSTM:00/LNXPWRBN:00/input/input0
[    1.912581] ACPI: Power Button [PWRF]
[    1.921691] input: Sleep Button as /devices/LNXSYSTM:00/LNXSLPBN:00/input/input1
[    1.940694] ACPI: Sleep Button [SLPF]
[    1.950280] Serial: 8250/16550 driver, 32 ports, IRQ sharing enabled
[    1.986135] 00:02: ttyS0 at I/O 0x3f8 (irq = 4, base_baud = 115200) is a 16550A
[    2.013766] Linux agpgart interface v0.103
[    2.027161] loop: module loaded
[    2.035337] scsi host0: ata_piix
[    2.043950] scsi host1: ata_piix
[    2.052796] ata1: PATA max UDMA/33 cmd 0x1f0 ctl 0x3f6 bmdma 0xd000 irq 14
[    2.072667] ata2: PATA max UDMA/33 cmd 0x170 ctl 0x376 bmdma 0xd008 irq 15
[    2.092122] libphy: Fixed MDIO Bus: probed
[    2.102000] tun: Universal TUN/TAP device driver, 1.6
[    2.114054] PPP generic driver version 2.4.2
[    2.124223] ehci_hcd: USB 2.0 'Enhanced' Host Controller (EHCI) Driver
[    2.140921] ehci-pci: EHCI PCI platform driver
[    2.152954] ehci-platform: EHCI generic platform driver
[    2.165417] ohci_hcd: USB 1.1 'Open' Host Controller (OHCI) Driver
[    2.181103] ohci-pci: OHCI PCI platform driver
[    2.193137] ohci-platform: OHCI generic platform driver
[    2.207950] uhci_hcd: USB Universal Host Controller Interface driver
[    2.224006] i8042: PNP: PS/2 Controller [PNP0303:PS2K,PNP0f03:PS2M] at 0x60,0x64 irq 1,12
[    2.245318] serio: i8042 KBD port at 0x60,0x64 irq 1
[    2.260162] serio: i8042 AUX port at 0x60,0x64 irq 12
[    2.274512] mousedev: PS/2 mouse device common for all mice
[    2.290066] input: AT Translated Set 2 keyboard as /devices/platform/i8042/serio0/input/input2
[    2.311378] rtc_cmos rtc_cmos: rtc core: registered rtc_cmos as rtc0
[    2.327109] rtc_cmos rtc_cmos: alarms up to one day, 114 bytes nvram
[    2.344228] i2c /dev entries driver
[    2.353585] device-mapper: uevent: version 1.0.3
[    2.367061] device-mapper: ioctl: 4.37.0-ioctl (2017-09-20) initialised: dm-devel@redhat.com
[    2.388697] ledtrig-cpu: registered to indicate activity on CPUs
[    2.403874] NET: Registered protocol family 10
[    2.418108] Segment Routing with IPv6
[    2.429501] NET: Registered protocol family 17
[    2.440194] Key type dns_resolver registered
[    2.450523] mce: Using 0 MCE banks
[    2.458603] RAS: Correctable Errors collector initialized.
[    2.472638] sched_clock: Marking stable (2472621629, 0)->(5222592843, -2749971214)
[    2.491549] registered taskstats version 1
[    2.501309] Loading compiled-in X.509 certificates
[    2.515090] Loaded X.509 cert 'Build time autogenerated kernel key: f0020782f0d3a548186fb3f47aed88387a71e859'
[    2.540291] zswap: loaded using pool lzo/zbud
[    2.555915] Key type big_key registered
[    2.565832] Key type trusted registered
[    2.576577] Key type encrypted registered
[    2.588031] AppArmor: AppArmor sha1 policy hashing enabled
[    2.601549] ima: No TPM chip found, activating TPM-bypass! (rc=-19)
[    2.617772] ima: Allocated hash algorithm: sha1
[    2.632901] evm: HMAC attrs: 0x1
[    2.644526]   Magic number: 12:924:337
[    2.655784] tty tty58: hash matches
[    2.664195] rtc_cmos rtc_cmos: setting system clock to 2020-03-13 16:18:20 UTC (1584116300)
[    2.684265] BIOS EDD facility v0.16 2004-Jun-25, 0 devices found
[    2.698787] EDD information not available.
[    2.710649] Freeing unused kernel image memory: 2428K
[    2.748442] Write protecting the kernel read-only data: 20480k
[    2.769831] Freeing unused kernel image memory: 2008K
[    2.784099] Freeing unused kernel image memory: 1880K
[    2.803071] x86/mm: Checked W+X mappings: passed, no W+X pages found.
[    2.821333] x86/mm: Checking user space page tables
[    2.838748] x86/mm: Checked W+X mappings: passed, no W+X pages found.
Loading, please wait...
starting version 237
[    2.920271] e1000: Intel(R) PRO/1000 Network Driver - version 7.3.21-k8-NAPI
[    2.947065] e1000: Copyright (c) 1999-2006 Intel Corporation.
[    2.971848] ACPI: Video Device [GFX0] (multi-head: yes  rom: no  post: no)
[    3.002530] Fusion MPT base driver 3.04.20
[    3.019303] Copyright (c) 1999-2008 LSI Corporation
[    3.033102] AVX2 version of gcm_enc/dec engaged.
[    3.044019] AES CTR mode by8 optimization enabled
[    3.060807] input: Video Bus as /devices/LNXSYSTM:00/LNXSYBUS:00/PNP0A03:00/LNXVIDEO:00/input/input5
[    3.109142] Fusion MPT SPI Host driver 3.04.20
[    3.127175] vboxvideo: loading out-of-tree module taints kernel.
[    3.148574] vboxvideo: module verification failed: signature and/or required key missing - tainting kernel
[    3.215034] input: ImExPS/2 Generic Explorer Mouse as /devices/platform/i8042/serio1/input/input4
[    3.409879] e1000 0000:00:03.0 eth0: (PCI:33MHz:32-bit) 02:ab:0c:c8:bd:75
[    3.439861] e1000 0000:00:03.0 eth0: Intel(R) PRO/1000 Network Connection
[    3.460616] piix4_smbus 0000:00:07.0: SMBus Host Controller at 0x4100, revision 0
[    3.461856] e1000 0000:00:03.0 enp0s3: renamed from eth0
[    3.499137] mptbase: ioc0: Initiating bringup
[    3.608959] ioc0: LSI53C1030 A0: Capabilities={Initiator}
[    3.884081] scsi host2: ioc0: LSI53C1030 A0, FwRev=00000000h, Ports=1, MaxQ=256, IRQ=20
[    4.082014] scsi 2:0:0:0: Direct-Access     VBOX     HARDDISK         1.0  PQ: 0 ANSI: 5
[    4.085074] [drm] VRAM 01000000
[    4.124982] [TTM] Zone  kernel: Available graphics memory: 1523704 kiB
[    4.140348] [TTM] Initializing pool allocator
[    4.150882] [TTM] Initializing DMA pool allocator
[    4.163368] fbcon: vboxdrmfb (fb0) is primary device
[    4.164934] Console: switching to colour frame buffer device 100x37
[    4.195011] vboxvideo 0000:00:02.0: fb0: vboxdrmfb frame buffer device
[    4.212600] scsi target2:0:0: Beginning Domain Validation
[    4.226104] scsi target2:0:0: Domain Validation skipping write tests
[    4.228608] [drm] Initialized vboxvideo 1.0.0 20130823 for 0000:00:02.0 on minor 0
[    4.241704] scsi target2:0:0: Ending Domain Validation
[    4.241764] scsi target2:0:0: asynchronous
[    4.287082] scsi 2:0:1:0: Direct-Access     VBOX     HARDDISK         1.0  PQ: 0 ANSI: 5
[    4.336707] scsi target2:0:1: Beginning Domain Validation
[    4.355784] random: fast init done
[    4.365652] scsi target2:0:1: Domain Validation skipping write tests
[    4.381594] scsi target2:0:1: Ending Domain Validation
[    4.393856] scsi target2:0:1: asynchronous
[    4.408722] random: systemd-udevd: uninitialized urandom read (16 bytes read)
[    4.408784] sd 2:0:0:0: Attached scsi generic sg0 type 0
[    4.429748] sd 2:0:0:0: [sda] 20971520 512-byte logical blocks: (10.7 GB/10.0 GiB)
[    4.442587] sd 2:0:1:0: Attached scsi generic sg1 type 0
[    4.464081] random: systemd-udevd: uninitialized urandom read (16 bytes read)
[    4.498404] random: systemd-udevd: uninitialized urandom read (16 bytes read)
[    4.500696] sd 2:0:0:0: [sda] Write Protect is off
[    4.529885] sd 2:0:1:0: [sdb] 20480 512-byte logical blocks: (10.5 MB/10.0 MiB)
[    4.547769] sd 2:0:0:0: [sda] Incomplete mode parameter data
[    4.563166] sd 2:0:0:0: [sda] Assuming drive cache: write through
[    4.563217] sd 2:0:1:0: [sdb] Write Protect is off
[    4.601260] sd 2:0:1:0: [sdb] Incomplete mode parameter data
[    4.615338] sd 2:0:1:0: [sdb] Assuming drive cache: write through
[    4.654829]  sda: sda1
[    4.665122] sd 2:0:0:0: [sda] Attached SCSI disk
[    4.671143] sd 2:0:1:0: [sdb] Attached SCSI disk
Begin: Loading essential drivers ... [    4.880646] raid6: sse2x1   gen() 10254 MB/s
[    4.944155] raid6: sse2x1   xor()  7350 MB/s
[    5.008662] raid6: sse2x2   gen() 12589 MB/s
[    5.072191] raid6: sse2x2   xor()  8013 MB/s
[    5.136199] raid6: sse2x4   gen() 14522 MB/s
[    5.196212] raid6: sse2x4   xor()  9050 MB/s
[    5.257218] raid6: avx2x1   gen() 20352 MB/s
[    5.320721] raid6: avx2x1   xor() 13348 MB/s
[    5.380232] raid6: avx2x2   gen() 22538 MB/s
[    5.440212] raid6: avx2x2   xor() 14457 MB/s
[    5.500221] raid6: avx2x4   gen() 26759 MB/s
[    5.564213] raid6: avx2x4   xor() 16295 MB/s
[    5.577897] raid6: using algorithm avx2x4 gen() 26759 MB/s
[    5.592148] raid6: .... xor() 16295 MB/s, rmw enabled
[    5.604225] raid6: using avx2x2 recovery algorithm
[    5.618182] xor: automatically using best checksumming function   avx       
[    5.639809] async_tx: api initialized (async)
done.
Begin: Running /scripts/init-premount ... done.
Begin: Mounting root file system ... Begin: Running /scripts/local-top ... done.
Begin: Running /scripts/local-premount ... [    5.696354] Btrfs loaded, crc32c=crc32c-intel
Scanning for Btrfs filesystems
done.
Warning: fsck not present, so skipping root file system
[    5.766621] EXT4-fs (sda1): mounted filesystem with ordered data mode. Opts: (null)
done.
Begin: Running /scripts/local-bottom ... done.
Begin: Running /scripts/init-bottom ... done.
[    7.260108] ip_tables: (C) 2000-2006 Netfilter Core Team
[    7.375143] systemd[1]: systemd 237 running in system mode. (+PAM +AUDIT +SELINUX +IMA +APPARMOR +SMACK +SYSVINIT +UTMP +LIBCRYPTSETUP +GCRYPT +GNUTLS +ACL +XZ +LZ4 +SECCOMP +BLKID +ELFUTILS +KMOD -IDN2 +IDN -PCRE2 default-hierarchy=hybrid)
[    7.456608] systemd[1]: Detected virtualization oracle.
[    7.469882] systemd[1]: Detected architecture x86-64.

Welcome to [1mUbuntu 18.04.4 LTS[0m!

[    7.520555] systemd[1]: Set hostname to <ubuntu-xenial>.
[    8.227999] random: crng init done
[    8.247739] random: 7 urandom warning(s) missed due to ratelimiting
[    9.745323] systemd[1]: Reached target System Time Synchronized.
[[0;32m  OK  [0m] Reached target System Time Synchronized.
[    9.789169] systemd[1]: Set up automount Arbitrary Executable File Formats File System Automount Point.
[[0;32m  OK  [0m] Set up automount Arbitrary Executab…rmats File System Automount Point.
[    9.833690] systemd[1]: Created slice User and Session Slice.
[[0;32m  OK  [0m] Created slice User and Session Slice.
[    9.865164] systemd[1]: Created slice System Slice.
[[0;32m  OK  [0m] Created slice System Slice.
[    9.897093] systemd[1]: Created slice system-serial\x2dgetty.slice.
[[0;32m  OK  [0m] Created slice system-serial\x2dgetty.slice.
[    9.932431] systemd[1]: Listening on /dev/initctl Compatibility Named Pipe.
[[0;32m  OK  [0m] Listening on /dev/initctl Compatibility Named Pipe.
[[0;32m  OK  [0m] Listening on LVM2 poll daemon socket.
[[0;32m  OK  [0m] Listening on Journal Audit Socket.
[[0;32m  OK  [0m] Listening on Syslog Socket.
[[0;32m  OK  [0m] Listening on Device-mapper event daemon FIFOs.
[[0;32m  OK  [0m] Listening on Journal Socket (/dev/log).
[[0;32m  OK  [0m] Reached target Slices.
[[0;32m  OK  [0m] Listening on LVM2 metadata daemon socket.
[[0;32m  OK  [0m] Listening on udev Kernel Socket.
[[0;32m  OK  [0m] Listening on udev Control Socket.
[[0;32m  OK  [0m] Started Forward Password Requests to Wall Directory Watch.
[[0;32m  OK  [0m] Listening on Journal Socket.
         Starting udev Coldplug all Devices...
         Starting Create list of required st…ce nodes for the current kernel...
         Starting Monitoring of LVM2 mirrors…ng dmeventd or progress polling...
         Mounting POSIX Message Queue File System...
         Mounting Huge Pages File System...
         Starting Uncomplicated firewall...
         Starting Load Kernel Modules...
         Starting Set the console keyboard layout...
         Starting Remount Root and Kernel File Systems...
         Starting Nameserver information manager...
[[0;32m  OK  [0m] Reached target User and Group Name Lookups.
         Starting Journal Service...
         Mounting Kernel Debug File System...
[[0;32m  OK  [0m] Reached target Swap.
[[0;32m  OK  [0m] Started Create list of required sta…vice nodes for the current kernel.
[[0;32m  OK  [0m] Mounted POSIX Message Queue File System.
[   10.340201] Loading iSCSI transport class v2.0-870.
[[0;32m  OK  [0m] Mounted Huge Pages File System.
[[0;32m  OK  [0m] Started Uncomplicated firewall.
[[0;32m  OK  [0m] Mounted Kernel Debug File System.
[[0;32m  OK  [0m] Started udev Coldplug all Devices.
[   10.409411] EXT4-fs (sda1): re-mounted. Opts: (null)
         Starting Create Static Device Nodes in /dev...
[[0;32m  OK  [0m] Started Remount Root and Kernel File Systems.
         Starting Load/Save Random Seed...
[   10.545720] iscsi: registered transport (tcp)
[[0;32m  OK  [0m] Started Journal Service.
[[0;32m  OK  [0m] Started Nameserver information manager.
[[0;32m  OK  [0m] Started Load/Save Random Seed.
         Starting Flush Journal to Persistent Storage...
[[0;32m  OK  [0m] Started LVM2 metadata daemon.
[[0;32m  OK  [0m] Started Set the console keyboard layout.
[   10.853207] iscsi: registered transport (iser)
[[0;32m  OK  [0m] Started Load Kernel Modules.
         Mounting FUSE Control File System...
         Starting Apply Kernel Variables...
         Mounting Kernel Configuration File System...
[[0;32m  OK  [0m] Mounted FUSE Control File System.
[[0;32m  OK  [0m] Mounted Kernel Configuration File System.
[   10.941766] systemd-journald[413]: Received request to flush runtime journal from PID 1
[[0;32m  OK  [0m] Started Create Static Device Nodes in /dev.
         Starting udev Kernel Device Manager...
[[0;32m  OK  [0m] Started Apply Kernel Variables.
[[0;32m  OK  [0m] Started Monitoring of LVM2 mirrors,…sing dmeventd or progress polling.
[[0;32m  OK  [0m] Reached target Local File Systems (Pre).
[[0;32m  OK  [0m] Reached target Local File Systems.
         Starting Tell Plymouth To Write Out Runtime Data...
         Starting Set console font and keymap...
         Starting AppArmor initialization...
         Starting ebtables ruleset management...
         Mounting Mount unit for core, revision 8689...
         Mounting Mount unit for heroku, revision 3881...
[[0;32m  OK  [0m] Started Tell Plymouth To Write Out Runtime Data.
[[0;32m  OK  [0m] Started Set console font and keymap.
[[0;32m  OK  [0m] Mounted Mount unit for core, revision 8689.
[[0;32m  OK  [0m] Mounted Mount unit for heroku, revision 3881.
[[0;32m  OK  [0m] Started ebtables ruleset management.
[[0;32m  OK  [0m] Started udev Kernel Device Manager.
[[0;32m  OK  [0m] Started Dispatch Password Requests to Console Directory Watch.
[[0;32m  OK  [0m] Reached target Local Encrypted Volumes.
[[0;32m  OK  [0m] Started Flush Journal to Persistent Storage.
         Starting Create Volatile Files and Directories...
[[0;32m  OK  [0m] Found device /dev/ttyS0.
[[0;32m  OK  [0m] Started Create Volatile Files and Directories.
         Starting Update UTMP about System Boot/Shutdown...
         Starting Network Name Resolution...
[[0;32m  OK  [0m] Started Update UTMP about System Boot/Shutdown.
[[0;32m  OK  [0m] Listening on Load/Save RF Kill Switch Status /dev/rfkill Watch.
[[0;32m  OK  [0m] Started Network Name Resolution.
[[0;32m  OK  [0m] Reached target Host and Network Name Lookups.
[[0;32m  OK  [0m] Started AppArmor initialization.
         Starting Initial cloud-init job (pre-networking)...
[   15.332521] snd_intel8x0 0000:00:05.0: measure - unreliable DMA position..
[[0;32m  OK  [0m] Found device 82540EM Gigabit Ethern…ler (PRO/1000 MT Desktop Adapter).
[   15.896708] snd_intel8x0 0000:00:05.0: measure - unreliable DMA position..
[   16.312958] snd_intel8x0 0000:00:05.0: measure - unreliable DMA position..
[[0;32m  OK  [0m] Reached target Sound Card.
[   22.232590] cloud-init[616]: Cloud-init v. 19.4-33-gbb4131a2-0ubuntu1~18.04.1 running 'init-local' at Fri, 13 Mar 2020 16:18:39 +0000. Up 21.92 seconds.
[[0;32m  OK  [0m] Started Initial cloud-init job (pre-networking).
[[0;32m  OK  [0m] Reached target Network (Pre).
         Starting Raise network interfaces...
[[0;32m  OK  [0m] Started ifup for enp0s3.
         Starting Tell Plymouth To Write Out Runtime Data...
         Stopping Network Name Resolution...
         Starting Network Time Synchronization...
[[0;32m  OK  [0m] Stopped Network Name Resolution.
[[0;32m  OK  [0m] Started Tell Plymouth To Write Out Runtime Data.
         Starting Network Name Resolution...
[[0;32m  OK  [0m] Started Network Time Synchronization.
[[0;32m  OK  [0m] Started Network Name Resolution.
[[0;32m  OK  [0m] Started Raise network interfaces.
[[0;32m  OK  [0m] Reached target Network.
         Starting Initial cloud-init job (metadata service crawler)...
[   23.419003] cloud-init[1029]: Cloud-init v. 19.4-33-gbb4131a2-0ubuntu1~18.04.1 running 'init' at Fri, 13 Mar 2020 16:18:41 +0000. Up 23.22 seconds.
[   23.432628] cloud-init[1029]: ci-info: +++++++++++++++++++++++++++++++++++++Net device info++++++++++++++++++++++++++++++++++++++
[   23.444511] cloud-init[1029]: ci-info: +--------+------+---------------------------+---------------+--------+-------------------+
[   23.456673] cloud-init[1029]: ci-info: | Device |  Up  |          Address          |      Mask     | Scope  |     Hw-Address    |
[   23.478691] cloud-init[1029]: ci-info: +--------+------+---------------------------+---------------+--------+-------------------+
[   23.498627] cloud-init[1029]: ci-info: | enp0s3 | True |         10.0.2.15         | 255.255.255.0 | global | 02:ab:0c:c8:bd:75 |
[   23.517597] cloud-init[1029]: ci-info: | enp0s3 | True | fe80::ab:cff:fec8:bd75/64 |       .       |  link  | 02:ab:0c:c8:bd:75 |
[   23.556654] cloud-init[1029]: ci-info: |   lo   | True |         127.0.0.1         |   255.0.0.0   |  host  |         .         |
[   23.572516] cloud-init[1029]: ci-info: |   lo   | True |          ::1/128          |       .       |  host  |         .         |
[   23.584775] cloud-init[1029]: ci-info: +--------+------+---------------------------+---------------+--------+-------------------+
[   23.600195] cloud-init[1029]: ci-info: +++++++++++++++++++++++++++Route IPv4 info++++++++++++++++++++++++++++
[   23.612646] cloud-init[1029]: ci-info: +-------+-------------+----------+---------------+-----------+-------+
[   23.628555] cloud-init[1029]: ci-info: | Route | Destination | Gateway  |    Genmask    | Interface | Flags |
[   23.640669] cloud-init[1029]: ci-info: +-------+-------------+----------+---------------+-----------+-------+
[   23.652202] cloud-init[1029]: ci-info: |   0   |   0.0.0.0   | 10.0.2.2 |    0.0.0.0    |   enp0s3  |   UG  |
[   23.664595] cloud-init[1029]: ci-info: |   1   |   10.0.2.0  | 0.0.0.0  | 255.255.255.0 |   enp0s3  |   U   |
[   23.678517] cloud-init[1029]: ci-info: +-------+-------------+----------+---------------+-----------+-------+
[   23.708010] cloud-init[1029]: ci-info: +++++++++++++++++++Route IPv6 info+++++++++++++++++++
[   23.733347] cloud-init[1029]: ci-info: +-------+-------------+---------+-----------+-------+
[   23.748716] cloud-init[1029]: ci-info: | Route | Destination | Gateway | Interface | Flags |
[   23.768644] cloud-init[1029]: ci-info: +-------+-------------+---------+-----------+-------+
[   23.788732] cloud-init[1029]: ci-info: |   1   |  fe80::/64  |    ::   |   enp0s3  |   U   |
[   23.800651] cloud-init[1029]: ci-info: |   3   |   ff00::/8  |    ::   |   enp0s3  |   U   |
[   23.817259] cloud-init[1029]: ci-info: +-------+-------------+---------+-----------+-------+
[[0;32m  OK  [0m] Started Initial cloud-init job (metadata service crawler).
[[0;32m  OK  [0m] Reached target Cloud-config availability.
[[0;32m  OK  [0m] Reached target Network is Online.
         Starting Availability of block devices...
[[0;32m  OK  [0m] Reached target Remote File Systems (Pre).
[[0;32m  OK  [0m] Reached target Remote File Systems.
[[0;32m  OK  [0m] Reached target System Initialization.
[[0;32m  OK  [0m] Listening on ACPID Listen Socket.
[[0;32m  OK  [0m] Started Discard unused blocks once a week.
         Starting Socket activation for snappy daemon.
[[0;32m  OK  [0m] Started resolvconf-pull-resolved.path.
[[0;32m  OK  [0m] Started Clean PHP session files every 30 mins.
         Starting LXD - unix socket.
[[0;32m  OK  [0m] Listening on D-Bus System Message Bus Socket.
[[0;32m  OK  [0m] Started ACPI Events Check.
[[0;32m  OK  [0m] Reached target Paths.
[[0;32m  OK  [0m] Started Daily apt download activities.
[[0;32m  OK  [0m] Started Daily apt upgrade and clean activities.
[[0;32m  OK  [0m] Started Daily Cleanup of Temporary Directories.
[[0;32m  OK  [0m] Listening on Open-iSCSI iscsid Socket.
[[0;32m  OK  [0m] Started Message of the Day.
[[0;32m  OK  [0m] Reached target Timers.
[[0;32m  OK  [0m] Listening on UUID daemon activation socket.
[[0;32m  OK  [0m] Started Availability of block devices.
[[0;32m  OK  [0m] Listening on Socket activation for snappy daemon.
[[0;32m  OK  [0m] Listening on LXD - unix socket.
[[0;32m  OK  [0m] Reached target Sockets.
[[0;32m  OK  [0m] Reached target Basic System.
         Starting LSB: Record successful boot for GRUB...
         Starting Login Service...
         Starting resolvconf-pull-resolved.service...
         Starting LSB: automatic crash report generation...
[[0;32m  OK  [0m] Started irqbalance daemon.
         Starting LXD - container startup/shutdown...
         Starting Thermal Daemon Service...
         Starting Dispatcher daemon for systemd-networkd...
         Starting Accounts Service...
[[0;32m  OK  [0m] Started Deferred execution scheduler.
         Starting Snappy daemon...
[[0;32m  OK  [0m] Started D-Bus System Message Bus.
[[0;32m  OK  [0m] Started Login Service.
[[0;32m  OK  [0m] Started Unattended Upgrades Shutdown.
         Starting Permit User Sessions...
         Starting MySQL Community Server...
[[0;32m  OK  [0m] Started FUSE filesystem for LXC.
         Starting System Logging Service...
         Starting vboxadd.service...
[[0;32m  OK  [0m] Started Regular background program processing daemon.
         Starting OpenBSD Secure Shell server...
         Starting The Apache HTTP Server...
[[0;32m  OK  [0m] Started resolvconf-pull-resolved.service.
[[0;32m  OK  [0m] Started Permit User Sessions.
[[0;32m  OK  [0m] Started Thermal Daemon Service.
         Starting Terminate Plymouth Boot Screen...
         Starting Hold until boot process finishes up...
[[0;32m  OK  [0m] Started Terminate Plymouth Boot Screen.
[[0;32m  OK  [0m] Started Hold until boot process finishes up.
[[0;32m  OK  [0m] Started Serial Getty on ttyS0.
         Starting Set console scheme...
[[0;32m  OK  [0m] Started Set console scheme.
[[0;32m  OK  [0m] Created slice system-getty.slice.
[[0;32m  OK  [0m] Started Getty on tty1.
[[0;32m  OK  [0m] Reached target Login Prompts.
         Starting Authorization Manager...
[[0;32m  OK  [0m] Started System Logging Service.
[[0;32m  OK  [0m] Started LSB: automatic crash report generation.
[[0;32m  OK  [0m] Started LSB: Record successful boot for GRUB.
[[0;32m  OK  [0m] Started Authorization Manager.
[[0;32m  OK  [0m] Started Accounts Service.
[[0;32m  OK  [0m] Started OpenBSD Secure Shell server.

Ubuntu 18.04.4 LTS ubuntu-xenial ttyS0

ubuntu-xenial login: [   46.829784] cloud-init[1957]: Cloud-init v. 19.4-33-gbb4131a2-0ubuntu1~18.04.1 running 'modules:config' at Fri, 13 Mar 2020 16:19:03 +0000. Up 46.10 seconds.
[   60.736112] cloud-init[2414]: Cloud-init v. 19.4-33-gbb4131a2-0ubuntu1~18.04.1 running 'modules:final' at Fri, 13 Mar 2020 16:19:19 +0000. Up 60.57 seconds.
[   60.736471] cloud-init[2414]: Cloud-init v. 19.4-33-gbb4131a2-0ubuntu1~18.04.1 finished at Fri, 13 Mar 2020 16:19:20 +0000. Datasource DataSourceNoCloud [seed=/dev/sdb][dsmode=net].  Up 60.72 seconds
